This is pdfTeX, Version 3.14159265-2.6-1.40.16 (TeX Live 2015/Debian) (preloaded format=pdflatex 2018.10.13)  25 JUN 2019 07:09
entering extended mode
 restricted \write18 enabled.
 %&-line parsing enabled.
**CRB-import-permit-request-additional.tex
(./CRB-import-permit-request-additional.tex
LaTeX2e <2016/02/01>
Babel <3.9q> and hyphenation patterns for 81 language(s) loaded.
(/usr/share/texlive/texmf-dist/tex/latex/koma-script/scrartcl.cls
Document Class: scrartcl 2015/10/03 v3.19a KOMA-Script document class (article)

(/usr/share/texlive/texmf-dist/tex/latex/koma-script/scrkbase.sty
Package: scrkbase 2015/10/03 v3.19a KOMA-Script package (KOMA-Script-dependent 
basics and keyval usage)

(/usr/share/texlive/texmf-dist/tex/latex/koma-script/scrbase.sty
Package: scrbase 2015/10/03 v3.19a KOMA-Script package (KOMA-Script-independent
 basics and keyval usage)

(/usr/share/texlive/texmf-dist/tex/latex/graphics/keyval.sty
Package: keyval 2014/10/28 v1.15 key=value parser (DPC)
\KV@toks@=\toks14
)
(/usr/share/texlive/texmf-dist/tex/latex/koma-script/scrlfile.sty
Package: scrlfile 2015/10/03 v3.19a KOMA-Script package (loading files)

Package scrlfile, 2015/10/03 v3.19a KOMA-Script package (loading files)
                  Copyright (C) Markus Kohm

))) (/usr/share/texlive/texmf-dist/tex/latex/koma-script/tocbasic.sty
Package: tocbasic 2015/10/03 v3.19a KOMA-Script package (handling toc-files)
)
Package tocbasic Info: omitting babel extension for `toc'
(tocbasic)             because of feature `nobabel' available
(tocbasic)             for `toc' on input line 123.
Package tocbasic Info: omitting babel extension for `lof'
(tocbasic)             because of feature `nobabel' available
(tocbasic)             for `lof' on input line 124.
Package tocbasic Info: omitting babel extension for `lot'
(tocbasic)             because of feature `nobabel' available
(tocbasic)             for `lot' on input line 125.
Package scrartcl Info: You've used standard option `12pt'.
(scrartcl)             This is correct!
(scrartcl)             Internally I'm using `fontsize=12pt'.
(scrartcl)             If you'd like to set the option with \KOMAoptions,
(scrartcl)             you'd have to use `fontsize=12pt' there
(scrartcl)             instead of `12pt', too.
Class scrartcl Info: File `scrsize12pt.clo' used to setup font sizes on input l
ine 2033.

(/usr/share/texlive/texmf-dist/tex/latex/koma-script/scrsize12pt.clo
File: scrsize12pt.clo 2015/10/03 v3.19a KOMA-Script font size class option (12p
t)
)
(/usr/share/texlive/texmf-dist/tex/latex/koma-script/typearea.sty
Package: typearea 2015/10/03 v3.19a KOMA-Script package (type area)

Package typearea, 2015/10/03 v3.19a KOMA-Script package (type area)
                  Copyright (C) Frank Neukam, 1992-1994
                  Copyright (C) Markus Kohm, 1994-

\ta@bcor=\skip41
\ta@div=\count79
Package typearea Info: You've used standard option `letterpaper'.
(typearea)             This is correct!
(typearea)             Internally I'm using `paper=letter'.
(typearea)             If you'd like to set the option with \KOMAoptions,
(typearea)             you'd have to use `paper=letter' there
(typearea)             instead of `letterpaper', too.
\ta@hblk=\skip42
\ta@vblk=\skip43
\ta@temp=\skip44
\footheight=\skip45
Package typearea Info: These are the values describing the layout:
(typearea)             DIV  = 12
(typearea)             BCOR = 0.0pt
(typearea)             \paperwidth      = 614.295pt
(typearea)              \textwidth      = 460.72128pt
(typearea)              DIV departure   = -9%
(typearea)              \evensidemargin = 4.51686pt
(typearea)              \oddsidemargin  = 4.51686pt
(typearea)             \paperheight     = 794.96999pt
(typearea)              \textheight     = 606.5pt
(typearea)              \topmargin      = -45.89749pt
(typearea)              \headheight     = 18.125pt
(typearea)              \headsep        = 21.75pt
(typearea)              \topskip        = 12.0pt
(typearea)              \footskip       = 50.75pt
(typearea)              \baselineskip   = 14.5pt
(typearea)              on input line 1509.
)
\c@part=\count80
\c@section=\count81
\c@subsection=\count82
\c@subsubsection=\count83
\c@paragraph=\count84
\c@subparagraph=\count85
LaTeX Info: Redefining \textsubscript on input line 3906.
\abovecaptionskip=\skip46
\belowcaptionskip=\skip47
\c@pti@nb@sid@b@x=\box26
\c@figure=\count86
\c@table=\count87
\bibindent=\dimen102
) (/usr/share/texlive/texmf-dist/tex/latex/geometry/geometry.sty
Package: geometry 2010/09/12 v5.6 Page Geometry

(/usr/share/texlive/texmf-dist/tex/generic/oberdiek/ifpdf.sty
Package: ifpdf 2011/01/30 v2.3 Provides the ifpdf switch (HO)
Package ifpdf Info: pdfTeX in PDF mode is detected.
)
(/usr/share/texlive/texmf-dist/tex/generic/oberdiek/ifvtex.sty
Package: ifvtex 2010/03/01 v1.5 Detect VTeX and its facilities (HO)
Package ifvtex Info: VTeX not detected.
)
(/usr/share/texlive/texmf-dist/tex/generic/ifxetex/ifxetex.sty
Package: ifxetex 2010/09/12 v0.6 Provides ifxetex conditional
)
\Gm@cnth=\count88
\Gm@cntv=\count89
\c@Gm@tempcnt=\count90
\Gm@bindingoffset=\dimen103
\Gm@wd@mp=\dimen104
\Gm@odd@mp=\dimen105
\Gm@even@mp=\dimen106
\Gm@layoutwidth=\dimen107
\Gm@layoutheight=\dimen108
\Gm@layouthoffset=\dimen109
\Gm@layoutvoffset=\dimen110
\Gm@dimlist=\toks15
)
(/usr/share/texlive/texmf-dist/tex/latex/graphics/graphicx.sty
Package: graphicx 2014/10/28 v1.0g Enhanced LaTeX Graphics (DPC,SPQR)

(/usr/share/texlive/texmf-dist/tex/latex/graphics/graphics.sty
Package: graphics 2016/01/03 v1.0q Standard LaTeX Graphics (DPC,SPQR)

(/usr/share/texlive/texmf-dist/tex/latex/graphics/trig.sty
Package: trig 2016/01/03 v1.10 sin cos tan (DPC)
)
(/usr/share/texlive/texmf-dist/tex/latex/latexconfig/graphics.cfg
File: graphics.cfg 2010/04/23 v1.9 graphics configuration of TeX Live
)
Package graphics Info: Driver file: pdftex.def on input line 95.

(/usr/share/texlive/texmf-dist/tex/latex/pdftex-def/pdftex.def
File: pdftex.def 2011/05/27 v0.06d Graphics/color for pdfTeX

(/usr/share/texlive/texmf-dist/tex/generic/oberdiek/infwarerr.sty
Package: infwarerr 2010/04/08 v1.3 Providing info/warning/error messages (HO)
)
(/usr/share/texlive/texmf-dist/tex/generic/oberdiek/ltxcmds.sty
Package: ltxcmds 2011/11/09 v1.22 LaTeX kernel commands for general use (HO)
)
\Gread@gobject=\count91
))
\Gin@req@height=\dimen111
\Gin@req@width=\dimen112
)
(/usr/share/texlive/texmf-dist/tex/latex/hyperref/hyperref.sty
Package: hyperref 2012/11/06 v6.83m Hypertext links for LaTeX

(/usr/share/texlive/texmf-dist/tex/generic/oberdiek/hobsub-hyperref.sty
Package: hobsub-hyperref 2012/05/28 v1.13 Bundle oberdiek, subset hyperref (HO)


(/usr/share/texlive/texmf-dist/tex/generic/oberdiek/hobsub-generic.sty
Package: hobsub-generic 2012/05/28 v1.13 Bundle oberdiek, subset generic (HO)
Package: hobsub 2012/05/28 v1.13 Construct package bundles (HO)
Package hobsub Info: Skipping package `infwarerr' (already loaded).
Package hobsub Info: Skipping package `ltxcmds' (already loaded).
Package: ifluatex 2010/03/01 v1.3 Provides the ifluatex switch (HO)
Package ifluatex Info: LuaTeX not detected.
Package hobsub Info: Skipping package `ifvtex' (already loaded).
Package: intcalc 2007/09/27 v1.1 Expandable calculations with integers (HO)
Package hobsub Info: Skipping package `ifpdf' (already loaded).
Package: etexcmds 2011/02/16 v1.5 Avoid name clashes with e-TeX commands (HO)
Package etexcmds Info: Could not find \expanded.
(etexcmds)             That can mean that you are not using pdfTeX 1.50 or
(etexcmds)             that some package has redefined \expanded.
(etexcmds)             In the latter case, load this package earlier.
Package: kvsetkeys 2012/04/25 v1.16 Key value parser (HO)
Package: kvdefinekeys 2011/04/07 v1.3 Define keys (HO)
Package: pdftexcmds 2011/11/29 v0.20 Utility functions of pdfTeX for LuaTeX (HO
)
Package pdftexcmds Info: LuaTeX not detected.
Package pdftexcmds Info: \pdf@primitive is available.
Package pdftexcmds Info: \pdf@ifprimitive is available.
Package pdftexcmds Info: \pdfdraftmode found.
Package: pdfescape 2011/11/25 v1.13 Implements pdfTeX's escape features (HO)
Package: bigintcalc 2012/04/08 v1.3 Expandable calculations on big integers (HO
)
Package: bitset 2011/01/30 v1.1 Handle bit-vector datatype (HO)
Package: uniquecounter 2011/01/30 v1.2 Provide unlimited unique counter (HO)
)
Package hobsub Info: Skipping package `hobsub' (already loaded).
Package: letltxmacro 2010/09/02 v1.4 Let assignment for LaTeX macros (HO)
Package: hopatch 2012/05/28 v1.2 Wrapper for package hooks (HO)
Package: xcolor-patch 2011/01/30 xcolor patch
Package: atveryend 2011/06/30 v1.8 Hooks at the very end of document (HO)
Package atveryend Info: \enddocument detected (standard20110627).
Package: atbegshi 2011/10/05 v1.16 At begin shipout hook (HO)
Package: refcount 2011/10/16 v3.4 Data extraction from label references (HO)
Package: hycolor 2011/01/30 v1.7 Color options for hyperref/bookmark (HO)
)
(/usr/share/texlive/texmf-dist/tex/latex/oberdiek/auxhook.sty
Package: auxhook 2011/03/04 v1.3 Hooks for auxiliary files (HO)
)
(/usr/share/texlive/texmf-dist/tex/latex/oberdiek/kvoptions.sty
Package: kvoptions 2011/06/30 v3.11 Key value format for package options (HO)
)
\@linkdim=\dimen113
\Hy@linkcounter=\count92
\Hy@pagecounter=\count93

(/usr/share/texlive/texmf-dist/tex/latex/hyperref/pd1enc.def
File: pd1enc.def 2012/11/06 v6.83m Hyperref: PDFDocEncoding definition (HO)
)
\Hy@SavedSpaceFactor=\count94

(/usr/share/texlive/texmf-dist/tex/latex/latexconfig/hyperref.cfg
File: hyperref.cfg 2002/06/06 v1.2 hyperref configuration of TeXLive
)
Package hyperref Info: Option `unicode' set `true' on input line 4319.

(/usr/share/texlive/texmf-dist/tex/latex/hyperref/puenc.def
File: puenc.def 2012/11/06 v6.83m Hyperref: PDF Unicode definition (HO)
)
Package hyperref Info: Option `pdfusetitle' set `true' on input line 4319.
Package hyperref Info: Option `bookmarks' set `true' on input line 4319.
Package hyperref Info: Option `bookmarksnumbered' set `false' on input line 431
9.
Package hyperref Info: Option `bookmarksopen' set `false' on input line 4319.
Package hyperref Info: Option `breaklinks' set `true' on input line 4319.
Package hyperref Info: Option `colorlinks' set `true' on input line 4319.
Package hyperref Info: Hyper figures OFF on input line 4443.
Package hyperref Info: Link nesting OFF on input line 4448.
Package hyperref Info: Hyper index ON on input line 4451.
Package hyperref Info: Plain pages OFF on input line 4458.
Package hyperref Info: Backreferencing OFF on input line 4463.
Package hyperref Info: Implicit mode ON; LaTeX internals redefined.
Package hyperref Info: Bookmarks ON on input line 4688.
\c@Hy@tempcnt=\count95

(/usr/share/texlive/texmf-dist/tex/latex/url/url.sty
\Urlmuskip=\muskip10
Package: url 2013/09/16  ver 3.4  Verb mode for urls, etc.
)
LaTeX Info: Redefining \url on input line 5041.
\XeTeXLinkMargin=\dimen114
\Fld@menulength=\count96
\Field@Width=\dimen115
\Fld@charsize=\dimen116
Package hyperref Info: Hyper figures OFF on input line 6295.
Package hyperref Info: Link nesting OFF on input line 6300.
Package hyperref Info: Hyper index ON on input line 6303.
Package hyperref Info: backreferencing OFF on input line 6310.
Package hyperref Info: Link coloring ON on input line 6313.
Package hyperref Info: Link coloring with OCG OFF on input line 6320.
Package hyperref Info: PDF/A mode OFF on input line 6325.
LaTeX Info: Redefining \ref on input line 6365.
LaTeX Info: Redefining \pageref on input line 6369.
\Hy@abspage=\count97
\c@Item=\count98
\c@Hfootnote=\count99
)

Package hyperref Message: Driver (autodetected): hpdftex.

(/usr/share/texlive/texmf-dist/tex/latex/hyperref/hpdftex.def
File: hpdftex.def 2012/11/06 v6.83m Hyperref driver for pdfTeX
\Fld@listcount=\count100
\c@bookmark@seq@number=\count101

(/usr/share/texlive/texmf-dist/tex/latex/oberdiek/rerunfilecheck.sty
Package: rerunfilecheck 2011/04/15 v1.7 Rerun checks for auxiliary files (HO)
Package uniquecounter Info: New unique counter `rerunfilecheck' on input line 2
82.
)
\Hy@SectionHShift=\skip48
)
(/usr/share/texlive/texmf-dist/tex/latex/pdfpages/pdfpages.sty
Package: pdfpages 2015/09/18 v0.5d Insert pages of external PDF documents (AM)

(/usr/share/texlive/texmf-dist/tex/latex/base/ifthen.sty
Package: ifthen 2014/09/29 v1.1c Standard LaTeX ifthen package (DPC)
)
(/usr/share/texlive/texmf-dist/tex/latex/tools/calc.sty
Package: calc 2014/10/28 v4.3 Infix arithmetic (KKT,FJ)
\calc@Acount=\count102
\calc@Bcount=\count103
\calc@Adimen=\dimen117
\calc@Bdimen=\dimen118
\calc@Askip=\skip49
\calc@Bskip=\skip50
LaTeX Info: Redefining \setlength on input line 80.
LaTeX Info: Redefining \addtolength on input line 81.
\calc@Ccount=\count104
\calc@Cskip=\skip51
)
(/usr/share/texlive/texmf-dist/tex/latex/eso-pic/eso-pic.sty
Package: eso-pic 2015/07/21 v2.0g eso-pic (RN)

(/usr/share/texlive/texmf-dist/tex/latex/xcolor/xcolor.sty
Package: xcolor 2007/01/21 v2.11 LaTeX color extensions (UK)

(/usr/share/texlive/texmf-dist/tex/latex/latexconfig/color.cfg
File: color.cfg 2007/01/18 v1.5 color configuration of teTeX/TeXLive
)
Package xcolor Info: Driver file: pdftex.def on input line 225.
Package xcolor Info: Model `cmy' substituted by `cmy0' on input line 1337.
Package xcolor Info: Model `hsb' substituted by `rgb' on input line 1341.
Package xcolor Info: Model `RGB' extended on input line 1353.
Package xcolor Info: Model `HTML' substituted by `rgb' on input line 1355.
Package xcolor Info: Model `Hsb' substituted by `hsb' on input line 1356.
Package xcolor Info: Model `tHsb' substituted by `hsb' on input line 1357.
Package xcolor Info: Model `HSB' substituted by `hsb' on input line 1358.
Package xcolor Info: Model `Gray' substituted by `gray' on input line 1359.
Package xcolor Info: Model `wave' substituted by `hsb' on input line 1360.
))
\AM@pagewidth=\dimen119
\AM@pageheight=\dimen120

(/usr/share/texlive/texmf-dist/tex/latex/pdfpages/pppdftex.def
File: pppdftex.def 2015/09/18 v0.5d Pdfpages driver for pdfTeX (AM)
)
\AM@pagebox=\box27
\AM@toc@title=\toks16
\c@AM@survey=\count105
\AM@templatesizebox=\box28
)
(/usr/share/texlive/texmf-dist/tex/latex/tools/indentfirst.sty
Package: indentfirst 1995/11/23 v1.03 Indent first paragraph (DPC)
)
(./CRB-import-permit-request-additional.aux)
\openout1 = `CRB-import-permit-request-additional.aux'.

LaTeX Font Info:    Checking defaults for OML/cmm/m/it on input line 18.
LaTeX Font Info:    ... okay on input line 18.
LaTeX Font Info:    Checking defaults for T1/cmr/m/n on input line 18.
LaTeX Font Info:    ... okay on input line 18.
LaTeX Font Info:    Checking defaults for OT1/cmr/m/n on input line 18.
LaTeX Font Info:    ... okay on input line 18.
LaTeX Font Info:    Checking defaults for OMS/cmsy/m/n on input line 18.
LaTeX Font Info:    ... okay on input line 18.
LaTeX Font Info:    Checking defaults for OMX/cmex/m/n on input line 18.
LaTeX Font Info:    ... okay on input line 18.
LaTeX Font Info:    Checking defaults for U/cmr/m/n on input line 18.
LaTeX Font Info:    ... okay on input line 18.
LaTeX Font Info:    Checking defaults for PD1/pdf/m/n on input line 18.
LaTeX Font Info:    ... okay on input line 18.
LaTeX Font Info:    Checking defaults for PU/pdf/m/n on input line 18.
LaTeX Font Info:    ... okay on input line 18.

*geometry* driver: auto-detecting
*geometry* detected driver: pdftex
*geometry* verbose mode - [ preamble ] result:
* driver: pdftex
* paper: letterpaper
* layout: <same size as paper>
* layoutoffset:(h,v)=(0.0pt,0.0pt)
* modes: 
* h-part:(L,W,R)=(90.3375pt, 433.62001pt, 90.3375pt)
* v-part:(T,H,B)=(72.26999pt, 650.43001pt, 72.26999pt)
* \paperwidth=614.295pt
* \paperheight=794.96999pt
* \textwidth=433.62001pt
* \textheight=650.43001pt
* \oddsidemargin=18.0675pt
* \evensidemargin=18.0675pt
* \topmargin=-39.875pt
* \headheight=18.125pt
* \headsep=21.75pt
* \topskip=12.0pt
* \footskip=50.75pt
* \marginparwidth=51.19124pt
* \marginparsep=12.8401pt
* \columnsep=10.0pt
* \skip\footins=10.8pt plus 4.0pt minus 2.0pt
* \hoffset=0.0pt
* \voffset=0.0pt
* \mag=1000
* \@twocolumnfalse
* \@twosidefalse
* \@mparswitchfalse
* \@reversemarginfalse
* (1in=72.27pt=25.4mm, 1cm=28.453pt)

(/usr/share/texlive/texmf-dist/tex/context/base/supp-pdf.mkii
[Loading MPS to PDF converter (version 2006.09.02).]
\scratchcounter=\count106
\scratchdimen=\dimen121
\scratchbox=\box29
\nofMPsegments=\count107
\nofMParguments=\count108
\everyMPshowfont=\toks17
\MPscratchCnt=\count109
\MPscratchDim=\dimen122
\MPnumerator=\count110
\makeMPintoPDFobject=\count111
\everyMPtoPDFconversion=\toks18
) (/usr/share/texlive/texmf-dist/tex/latex/oberdiek/epstopdf-base.sty
Package: epstopdf-base 2010/02/09 v2.5 Base part for package epstopdf

(/usr/share/texlive/texmf-dist/tex/latex/oberdiek/grfext.sty
Package: grfext 2010/08/19 v1.1 Manage graphics extensions (HO)
)
Package grfext Info: Graphics extension search list:
(grfext)             [.png,.pdf,.jpg,.mps,.jpeg,.jbig2,.jb2,.PNG,.PDF,.JPG,.JPE
G,.JBIG2,.JB2,.eps]
(grfext)             \AppendGraphicsExtensions on input line 452.

(/usr/share/texlive/texmf-dist/tex/latex/latexconfig/epstopdf-sys.cfg
File: epstopdf-sys.cfg 2010/07/13 v1.3 Configuration of (r)epstopdf for TeX Liv
e
))
\AtBeginShipoutBox=\box30
Package hyperref Info: Link coloring ON on input line 18.

(/usr/share/texlive/texmf-dist/tex/latex/hyperref/nameref.sty
Package: nameref 2012/10/27 v2.43 Cross-referencing by name of section

(/usr/share/texlive/texmf-dist/tex/generic/oberdiek/gettitlestring.sty
Package: gettitlestring 2010/12/03 v1.4 Cleanup title references (HO)
)
\c@section@level=\count112
)
LaTeX Info: Redefining \ref on input line 18.
LaTeX Info: Redefining \pageref on input line 18.
LaTeX Info: Redefining \nameref on input line 18.

(./CRB-import-permit-request-additional.out)
(./CRB-import-permit-request-additional.out)
\@outlinefile=\write3
\openout3 = `CRB-import-permit-request-additional.out'.


(/usr/share/texlive/texmf-dist/tex/latex/oberdiek/pdflscape.sty
Package: pdflscape 2008/08/11 v0.10 Display of landscape pages in PDF (HO)

(/usr/share/texlive/texmf-dist/tex/latex/graphics/lscape.sty
Package: lscape 2000/10/22 v3.01 Landscape Pages (DPC)
)
Package pdflscape Info: Auto-detected driver: pdftex on input line 80.
)
LaTeX Font Info:    External font `cmex10' loaded for size
(Font)              <17.28> on input line 21.
LaTeX Font Info:    External font `cmex10' loaded for size
(Font)              <12> on input line 21.

Overfull \hbox (52.82925pt too wide) in paragraph at lines 21--21
 [][] 
 []

(./CRB-import-permit-request-additional.toc
LaTeX Font Info:    External font `cmex10' loaded for size
(Font)              <8> on input line 4.
LaTeX Font Info:    External font `cmex10' loaded for size
(Font)              <6> on input line 4.
)
\tf@toc=\write4
\openout4 = `CRB-import-permit-request-additional.toc'.

 [1


{/var/lib/texmf/fonts/map/pdftex/updmap/pdftex.map}]
LaTeX Font Info:    Try loading font information for OMS+cmr on input line 61.
 (/usr/share/texlive/texmf-dist/tex/latex/base/omscmr.fd
File: omscmr.fd 2014/09/29 v2.5h Standard LaTeX font definitions
)
LaTeX Font Info:    Font shape `OMS/cmr/m/n' in size <12> not available
(Font)              Font shape `OMS/cmsy/m/n' tried instead on input line 61.

<jars.jpg, id=67, 4047.12pt x 3035.34pt>
File: jars.jpg Graphic file (type jpg)
 <use jars.jpg>
Package pdftex.def Info: jars.jpg used on input line 79.
(pdftex.def)             Requested size: 433.62001pt x 325.18112pt.
 [2]
<cabinets.jpg, id=74, 4047.12pt x 3035.34pt>
File: cabinets.jpg Graphic file (type jpg)
 <use cabinets.jpg>
Package pdftex.def Info: cabinets.jpg used on input line 86.
(pdftex.def)             Requested size: 433.62001pt x 325.18112pt.


LaTeX Warning: `h' float specifier changed to `ht'.

[3 <./jars.jpg>] <damage.jpg, id=82, 4047.12pt x 3035.34pt>
File: damage.jpg Graphic file (type jpg)
 <use damage.jpg>
Package pdftex.def Info: damage.jpg used on input line 99.
(pdftex.def)             Requested size: 433.62001pt x 325.18112pt.


LaTeX Warning: `h' float specifier changed to `ht'.

[4 <./cabinets.jpg>] [5 <./damage.jpg>]
<CRB-Import-Permit-P526P-11-01844.pdf, id=92, 614.295pt x 794.97pt>
File: CRB-Import-Permit-P526P-11-01844.pdf Graphic file (type pdf)

<use CRB-Import-Permit-P526P-11-01844.pdf>
Package pdftex.def Info: CRB-Import-Permit-P526P-11-01844.pdf used on input lin
e 109.
(pdftex.def)             Requested size: 614.29349pt x 794.96806pt.
File: CRB-Import-Permit-P526P-11-01844.pdf Graphic file (type pdf)

<use CRB-Import-Permit-P526P-11-01844.pdf>
Package pdftex.def Info: CRB-Import-Permit-P526P-11-01844.pdf used on input lin
e 109.
(pdftex.def)             Requested size: 614.29349pt x 794.96806pt.

<CRB-Import-Permit-P526P-11-01844.pdf, id=95, page=1, 614.295pt x 794.97pt>
File: CRB-Import-Permit-P526P-11-01844.pdf Graphic file (type pdf)

<use CRB-Import-Permit-P526P-11-01844.pdf, page 1>
Package pdftex.def Info: CRB-Import-Permit-P526P-11-01844.pdf, page1 used on in
put line 109.
(pdftex.def)             Requested size: 614.29349pt x 794.96806pt.
File: CRB-Import-Permit-P526P-11-01844.pdf Graphic file (type pdf)

<use CRB-Import-Permit-P526P-11-01844.pdf, page 1>
Package pdftex.def Info: CRB-Import-Permit-P526P-11-01844.pdf, page1 used on in
put line 109.
(pdftex.def)             Requested size: 614.58406pt x 795.3441pt.
 [6

]
File: CRB-Import-Permit-P526P-11-01844.pdf Graphic file (type pdf)

<use CRB-Import-Permit-P526P-11-01844.pdf, page 1>
Package pdftex.def Info: CRB-Import-Permit-P526P-11-01844.pdf, page1 used on in
put line 109.
(pdftex.def)             Requested size: 614.58406pt x 795.3441pt.
File: CRB-Import-Permit-P526P-11-01844.pdf Graphic file (type pdf)

<use CRB-Import-Permit-P526P-11-01844.pdf, page 1>
Package pdftex.def Info: CRB-Import-Permit-P526P-11-01844.pdf, page1 used on in
put line 109.
(pdftex.def)             Requested size: 614.58406pt x 795.3441pt.
File: CRB-Import-Permit-P526P-11-01844.pdf Graphic file (type pdf)

<use CRB-Import-Permit-P526P-11-01844.pdf, page 1>
Package pdftex.def Info: CRB-Import-Permit-P526P-11-01844.pdf, page1 used on in
put line 109.
(pdftex.def)             Requested size: 614.58406pt x 795.3441pt.
 [7 <./CRB-Import-Permit-P526P-11-01844.pdf>]
<CRB-Import-Permit-P526P-11-01844.pdf, id=129, page=2, 614.295pt x 794.97pt>
File: CRB-Import-Permit-P526P-11-01844.pdf Graphic file (type pdf)

<use CRB-Import-Permit-P526P-11-01844.pdf, page 2>
Package pdftex.def Info: CRB-Import-Permit-P526P-11-01844.pdf, page2 used on in
put line 109.
(pdftex.def)             Requested size: 614.58406pt x 795.3441pt.
File: CRB-Import-Permit-P526P-11-01844.pdf Graphic file (type pdf)

<use CRB-Import-Permit-P526P-11-01844.pdf, page 2>
Package pdftex.def Info: CRB-Import-Permit-P526P-11-01844.pdf, page2 used on in
put line 109.
(pdftex.def)             Requested size: 614.58406pt x 795.3441pt.
File: CRB-Import-Permit-P526P-11-01844.pdf Graphic file (type pdf)

<use CRB-Import-Permit-P526P-11-01844.pdf, page 2>
Package pdftex.def Info: CRB-Import-Permit-P526P-11-01844.pdf, page2 used on in
put line 109.
(pdftex.def)             Requested size: 614.58406pt x 795.3441pt.
 [8 <./CRB-Import-Permit-P526P-11-01844.pdf>]
<CRB-Import-Permit-P526P-11-01844.pdf, id=134, page=3, 614.295pt x 794.97pt>
File: CRB-Import-Permit-P526P-11-01844.pdf Graphic file (type pdf)

<use CRB-Import-Permit-P526P-11-01844.pdf, page 3>
Package pdftex.def Info: CRB-Import-Permit-P526P-11-01844.pdf, page3 used on in
put line 109.
(pdftex.def)             Requested size: 614.58406pt x 795.3441pt.
File: CRB-Import-Permit-P526P-11-01844.pdf Graphic file (type pdf)

<use CRB-Import-Permit-P526P-11-01844.pdf, page 3>
Package pdftex.def Info: CRB-Import-Permit-P526P-11-01844.pdf, page3 used on in
put line 109.
(pdftex.def)             Requested size: 614.58406pt x 795.3441pt.
File: CRB-Import-Permit-P526P-11-01844.pdf Graphic file (type pdf)

<use CRB-Import-Permit-P526P-11-01844.pdf, page 3>
Package pdftex.def Info: CRB-Import-Permit-P526P-11-01844.pdf, page3 used on in
put line 109.
(pdftex.def)             Requested size: 614.58406pt x 795.3441pt.
 [9 <./CRB-Import-Permit-P526P-11-01844.pdf>]
<CRB-Import-Permit-P526P-11-01844.pdf, id=139, page=4, 614.295pt x 794.97pt>
File: CRB-Import-Permit-P526P-11-01844.pdf Graphic file (type pdf)

<use CRB-Import-Permit-P526P-11-01844.pdf, page 4>
Package pdftex.def Info: CRB-Import-Permit-P526P-11-01844.pdf, page4 used on in
put line 109.
(pdftex.def)             Requested size: 614.58406pt x 795.3441pt.
File: CRB-Import-Permit-P526P-11-01844.pdf Graphic file (type pdf)

<use CRB-Import-Permit-P526P-11-01844.pdf, page 4>
Package pdftex.def Info: CRB-Import-Permit-P526P-11-01844.pdf, page4 used on in
put line 109.
(pdftex.def)             Requested size: 614.58406pt x 795.3441pt.
File: CRB-Import-Permit-P526P-11-01844.pdf Graphic file (type pdf)

<use CRB-Import-Permit-P526P-11-01844.pdf, page 4>
Package pdftex.def Info: CRB-Import-Permit-P526P-11-01844.pdf, page4 used on in
put line 109.
(pdftex.def)             Requested size: 614.58406pt x 795.3441pt.
 [10 <./CRB-Import-Permit-P526P-11-01844.pdf>]
<CRB-Import-Permit-P526P-11-01844.pdf, id=144, page=5, 614.295pt x 794.97pt>
File: CRB-Import-Permit-P526P-11-01844.pdf Graphic file (type pdf)

<use CRB-Import-Permit-P526P-11-01844.pdf, page 5>
Package pdftex.def Info: CRB-Import-Permit-P526P-11-01844.pdf, page5 used on in
put line 109.
(pdftex.def)             Requested size: 614.58406pt x 795.3441pt.
File: CRB-Import-Permit-P526P-11-01844.pdf Graphic file (type pdf)

<use CRB-Import-Permit-P526P-11-01844.pdf, page 5>
Package pdftex.def Info: CRB-Import-Permit-P526P-11-01844.pdf, page5 used on in
put line 109.
(pdftex.def)             Requested size: 614.58406pt x 795.3441pt.
File: CRB-Import-Permit-P526P-11-01844.pdf Graphic file (type pdf)

<use CRB-Import-Permit-P526P-11-01844.pdf, page 5>
Package pdftex.def Info: CRB-Import-Permit-P526P-11-01844.pdf, page5 used on in
put line 109.
(pdftex.def)             Requested size: 614.58406pt x 795.3441pt.
 [11 <./CRB-Import-Permit-P526P-11-01844.pdf>]
<CRB-Import-Permit-P526P-11-01844.pdf, id=149, page=6, 614.295pt x 794.97pt>
File: CRB-Import-Permit-P526P-11-01844.pdf Graphic file (type pdf)

<use CRB-Import-Permit-P526P-11-01844.pdf, page 6>
Package pdftex.def Info: CRB-Import-Permit-P526P-11-01844.pdf, page6 used on in
put line 109.
(pdftex.def)             Requested size: 614.58406pt x 795.3441pt.
File: CRB-Import-Permit-P526P-11-01844.pdf Graphic file (type pdf)

<use CRB-Import-Permit-P526P-11-01844.pdf, page 6>
Package pdftex.def Info: CRB-Import-Permit-P526P-11-01844.pdf, page6 used on in
put line 109.
(pdftex.def)             Requested size: 614.58406pt x 795.3441pt.
File: CRB-Import-Permit-P526P-11-01844.pdf Graphic file (type pdf)

<use CRB-Import-Permit-P526P-11-01844.pdf, page 6>
Package pdftex.def Info: CRB-Import-Permit-P526P-11-01844.pdf, page6 used on in
put line 109.
(pdftex.def)             Requested size: 614.58406pt x 795.3441pt.
 [12 <./CRB-Import-Permit-P526P-11-01844.pdf>] <CRB_Shipping_Container.pdf, id=
154, 614.295pt x 794.97pt>
File: CRB_Shipping_Container.pdf Graphic file (type pdf)

<use CRB_Shipping_Container.pdf>
Package pdftex.def Info: CRB_Shipping_Container.pdf used on input line 113.
(pdftex.def)             Requested size: 614.29349pt x 794.96806pt.
File: CRB_Shipping_Container.pdf Graphic file (type pdf)
 <use CRB_Shipping_Container.pdf>
Package pdftex.def Info: CRB_Shipping_Container.pdf used on input line 113.
(pdftex.def)             Requested size: 614.29349pt x 794.96806pt.

<CRB_Shipping_Container.pdf, id=157, page=1, 614.295pt x 794.97pt>
File: CRB_Shipping_Container.pdf Graphic file (type pdf)

<use CRB_Shipping_Container.pdf, page 1>
Package pdftex.def Info: CRB_Shipping_Container.pdf, page1 used on input line 1
13.
(pdftex.def)             Requested size: 614.29349pt x 794.96806pt.
File: CRB_Shipping_Container.pdf Graphic file (type pdf)

<use CRB_Shipping_Container.pdf, page 1>
Package pdftex.def Info: CRB_Shipping_Container.pdf, page1 used on input line 1
13.
(pdftex.def)             Requested size: 614.58406pt x 795.3441pt.
 [13]
File: CRB_Shipping_Container.pdf Graphic file (type pdf)

<use CRB_Shipping_Container.pdf, page 1>
Package pdftex.def Info: CRB_Shipping_Container.pdf, page1 used on input line 1
13.
(pdftex.def)             Requested size: 614.58406pt x 795.3441pt.
File: CRB_Shipping_Container.pdf Graphic file (type pdf)

<use CRB_Shipping_Container.pdf, page 1>
Package pdftex.def Info: CRB_Shipping_Container.pdf, page1 used on input line 1
13.
(pdftex.def)             Requested size: 614.58406pt x 795.3441pt.
File: CRB_Shipping_Container.pdf Graphic file (type pdf)

<use CRB_Shipping_Container.pdf, page 1>
Package pdftex.def Info: CRB_Shipping_Container.pdf, page1 used on input line 1
13.
(pdftex.def)             Requested size: 614.58406pt x 795.3441pt.
 [14 <./CRB_Shipping_Container.pdf>]
<CRB_Shipping_Container.pdf, id=185, page=2, 614.295pt x 794.97pt>
File: CRB_Shipping_Container.pdf Graphic file (type pdf)

<use CRB_Shipping_Container.pdf, page 2>
Package pdftex.def Info: CRB_Shipping_Container.pdf, page2 used on input line 1
13.
(pdftex.def)             Requested size: 614.58406pt x 795.3441pt.
File: CRB_Shipping_Container.pdf Graphic file (type pdf)

<use CRB_Shipping_Container.pdf, page 2>
Package pdftex.def Info: CRB_Shipping_Container.pdf, page2 used on input line 1
13.
(pdftex.def)             Requested size: 614.58406pt x 795.3441pt.
File: CRB_Shipping_Container.pdf Graphic file (type pdf)

<use CRB_Shipping_Container.pdf, page 2>
Package pdftex.def Info: CRB_Shipping_Container.pdf, page2 used on input line 1
13.
(pdftex.def)             Requested size: 614.58406pt x 795.3441pt.
 [15 <./CRB_Shipping_Container.pdf>]
<CRB_Shipping_Container.pdf, id=191, page=3, 614.295pt x 794.97pt>
File: CRB_Shipping_Container.pdf Graphic file (type pdf)

<use CRB_Shipping_Container.pdf, page 3>
Package pdftex.def Info: CRB_Shipping_Container.pdf, page3 used on input line 1
13.
(pdftex.def)             Requested size: 614.58406pt x 795.3441pt.
File: CRB_Shipping_Container.pdf Graphic file (type pdf)

<use CRB_Shipping_Container.pdf, page 3>
Package pdftex.def Info: CRB_Shipping_Container.pdf, page3 used on input line 1
13.
(pdftex.def)             Requested size: 614.58406pt x 795.3441pt.
File: CRB_Shipping_Container.pdf Graphic file (type pdf)

<use CRB_Shipping_Container.pdf, page 3>
Package pdftex.def Info: CRB_Shipping_Container.pdf, page3 used on input line 1
13.
(pdftex.def)             Requested size: 614.58406pt x 795.3441pt.
 [16 <./CRB_Shipping_Container.pdf>]
Package atveryend Info: Empty hook `BeforeClearDocument' on input line 115.
Package atveryend Info: Empty hook `AfterLastShipout' on input line 115.

(./CRB-import-permit-request-additional.aux)
Package atveryend Info: Executing hook `AtVeryEndDocument' on input line 115.
Package atveryend Info: Executing hook `AtEndAfterFileList' on input line 115.
Package rerunfilecheck Info: File `CRB-import-permit-request-additional.out' ha
s not changed.
(rerunfilecheck)             Checksum: 06A7BA3CE1F33F292706511111C03B29;1741.
Package atveryend Info: Empty hook `AtVeryVeryEnd' on input line 115.
 ) 
Here is how much of TeX's memory you used:
 11721 strings out of 493029
 173078 string characters out of 6136233
 312298 words of memory out of 5000000
 15138 multiletter control sequences out of 15000+600000
 9120 words of font info for 32 fonts, out of 8000000 for 9000
 1141 hyphenation exceptions out of 8191
 43i,18n,51p,617b,452s stack positions out of 5000i,500n,10000p,200000b,80000s
</usr/share/texlive/texmf-dist/fonts/type1/public/amsfonts/cm/cmr10.pfb></usr
/share/texlive/texmf-dist/fonts/type1/public/amsfonts/cm/cmr12.pfb></usr/share/
texlive/texmf-dist/fonts/type1/public/amsfonts/cm/cmr17.pfb></usr/share/texlive
/texmf-dist/fonts/type1/public/amsfonts/cm/cmssbx10.pfb></usr/share/texlive/tex
mf-dist/fonts/type1/public/amsfonts/cm/cmsy10.pfb></usr/share/texlive/texmf-dis
t/fonts/type1/public/amsfonts/cm/cmti12.pfb>
Output written on CRB-import-permit-request-additional.pdf (16 pages, 10318072 
bytes).
PDF statistics:
 223 PDF objects out of 1000 (max. 8388607)
 165 compressed objects within 2 object streams
 31 named destinations out of 1000 (max. 500000)
 171 words of extra memory for PDF output out of 10000 (max. 10000000)

